23-Sep-2019 13:13:47.914 INFORMATION [Catalina-utility-2] org.apache.catalina.core.ApplicationContext.log No Spring WebApplicationInitializer types detected on classpath
23-Sep-2019 13:13:48.063 INFORMATION [Catalina-utility-2] org.apache.catalina.core.ApplicationContext.log Initializing AtmosphereFramework
23-Sep-2019 13:13:56.392 INFORMATION [Catalina-utility-2] org.apache.catalina.core.ApplicationContext.log Initializing Spring RemotingServlet 'remoting'
23-Sep-2019 13:14:00.014 INFORMATION [Catalina-utility-2] org.apache.catalina.core.ApplicationContext.log Initializing AtmosphereFramework
23-Sep-2019 13:14:00.460 INFORMATION [Catalina-utility-2] org.apache.catalina.core.ApplicationContext.log No Spring WebApplicationInitializer types detected on classpath
23-Sep-2019 13:14:05.210 INFORMATION [Catalina-utility-2] org.apache.catalina.core.ApplicationContext.log Initializing Spring CubaDispatcherServlet 'dispatcher'
23-Sep-2019 13:14:16.667 INFORMATION [Catalina-utility-1] org.apache.catalina.core.ApplicationContext.log Destroying Spring FrameworkServlet 'dispatcher'
23-Sep-2019 13:14:16.675 SCHWERWIEGEND [Catalina-utility-1] org.apache.catalina.core.StandardContext.listenerStop Exception sending context destroyed event to listener instance of class [ch.qos.logback.classic.servlet.LogbackServletContextListener]
 java.lang.IllegalStateException: java.io.FileNotFoundException: /Users/mario/dev/projects/cuba/examples/cuba-example-multiple-db-support/target-tomcat/webapps/app/WEB-INF/lib/jquery-ui-1.12.1.jar (No such file or directory)
	at org.apache.catalina.webresources.AbstractSingleArchiveResourceSet.getArchiveEntry(AbstractSingleArchiveResourceSet.java:101)
	at org.apache.catalina.webresources.AbstractArchiveResourceSet.getResource(AbstractArchiveResourceSet.java:256)
	at org.apache.catalina.webresources.StandardRoot.getResourceInternal(StandardRoot.java:281)
	at org.apache.catalina.webresources.Cache.getResource(Cache.java:62)
	at org.apache.catalina.webresources.StandardRoot.getResource(StandardRoot.java:216)
	at org.apache.catalina.webresources.StandardRoot.getClassLoaderResource(StandardRoot.java:225)
	at org.apache.catalina.loader.WebappClassLoaderBase.findClassInternal(WebappClassLoaderBase.java:2299)
	at org.apache.catalina.loader.WebappClassLoaderBase.findClass(WebappClassLoaderBase.java:863)
	at org.apache.catalina.loader.WebappClassLoaderBase.loadClass(WebappClassLoaderBase.java:1332)
	at org.apache.catalina.loader.WebappClassLoaderBase.loadClass(WebappClassLoaderBase.java:1186)
	at ch.qos.logback.core.ContextBase.getLifeCycleManager(ContextBase.java:260)
	at ch.qos.logback.core.ContextBase.reset(ContextBase.java:175)
	at ch.qos.logback.classic.LoggerContext.reset(LoggerContext.java:220)
	at ch.qos.logback.classic.LoggerContext.stop(LoggerContext.java:348)
	at ch.qos.logback.classic.servlet.LogbackServletContextListener.contextDestroyed(LogbackServletContextListener.java:36)
	at org.apache.catalina.core.StandardContext.listenerStop(StandardContext.java:4727)
	at org.apache.catalina.core.StandardContext.stopInternal(StandardContext.java:5388)
	at org.apache.catalina.util.LifecycleBase.stop(LifecycleBase.java:257)
	at org.apache.catalina.core.ContainerBase.removeChild(ContainerBase.java:803)
	at org.apache.catalina.startup.HostConfig.undeploy(HostConfig.java:1425)
	at org.apache.catalina.startup.HostConfig.checkResources(HostConfig.java:1352)
	at org.apache.catalina.startup.HostConfig.check(HostConfig.java:1611)
	at org.apache.catalina.startup.HostConfig.lifecycleEvent(HostConfig.java:305)
	at org.apache.catalina.util.LifecycleBase.fireLifecycleEvent(LifecycleBase.java:123)
	at org.apache.catalina.core.ContainerBase.backgroundProcess(ContainerBase.java:1144)
	at org.apache.catalina.core.ContainerBase$ContainerBackgroundProcessor.processChildren(ContainerBase.java:1346)
	at org.apache.catalina.core.ContainerBase$ContainerBackgroundProcessor.processChildren(ContainerBase.java:1350)
	at org.apache.catalina.core.ContainerBase$ContainerBackgroundProcessor.run(ContainerBase.java:1328)
	at java.util.concurrent.Executors$RunnableAdapter.call(Executors.java:511)
	at java.util.concurrent.FutureTask.runAndReset(FutureTask.java:308)
	at java.util.concurrent.ScheduledThreadPoolExecutor$ScheduledFutureTask.access$301(ScheduledThreadPoolExecutor.java:180)
	at java.util.concurrent.ScheduledThreadPoolExecutor$ScheduledFutureTask.run(ScheduledThreadPoolExecutor.java:294)
	at java.util.concurrent.ThreadPoolExecutor.runWorker(ThreadPoolExecutor.java:1149)
	at java.util.concurrent.ThreadPoolExecutor$Worker.run(ThreadPoolExecutor.java:624)
	at org.apache.tomcat.util.threads.TaskThread$WrappingRunnable.run(TaskThread.java:61)
	at java.lang.Thread.run(Thread.java:748)
Caused by: java.io.FileNotFoundException: /Users/mario/dev/projects/cuba/examples/cuba-example-multiple-db-support/target-tomcat/webapps/app/WEB-INF/lib/jquery-ui-1.12.1.jar (No such file or directory)
	at java.util.zip.ZipFile.open(Native Method)
	at java.util.zip.ZipFile.<init>(ZipFile.java:225)
	at java.util.zip.ZipFile.<init>(ZipFile.java:155)
	at java.util.jar.JarFile.<init>(JarFile.java:166)
	at java.util.jar.JarFile.<init>(JarFile.java:130)
	at org.apache.tomcat.util.compat.JreCompat.jarFileNewInstance(JreCompat.java:164)
	at org.apache.tomcat.util.compat.JreCompat.jarFileNewInstance(JreCompat.java:149)
	at org.apache.catalina.webresources.AbstractArchiveResourceSet.openJarFile(AbstractArchiveResourceSet.java:307)
	at org.apache.catalina.webresources.AbstractSingleArchiveResourceSet.getArchiveEntry(AbstractSingleArchiveResourceSet.java:97)
	... 35 more

23-Sep-2019 13:14:16.686 SCHWERWIEGEND [Catalina-utility-1] org.apache.catalina.core.StandardContext.listenerStop Exception sending context destroyed event to listener instance of class [com.haulmont.cuba.web.sys.WebAppContextLoader]
 java.lang.IllegalStateException: java.io.FileNotFoundException: /Users/mario/dev/projects/cuba/examples/cuba-example-multiple-db-support/target-tomcat/webapps/app/WEB-INF/lib/jquery-ui-1.12.1.jar (No such file or directory)
	at org.apache.catalina.webresources.AbstractSingleArchiveResourceSet.getArchiveEntry(AbstractSingleArchiveResourceSet.java:101)
	at org.apache.catalina.webresources.AbstractArchiveResourceSet.getResource(AbstractArchiveResourceSet.java:256)
	at org.apache.catalina.webresources.StandardRoot.getResourceInternal(StandardRoot.java:281)
	at org.apache.catalina.webresources.Cache.getResource(Cache.java:62)
	at org.apache.catalina.webresources.StandardRoot.getResource(StandardRoot.java:216)
	at org.apache.catalina.webresources.StandardRoot.getClassLoaderResource(StandardRoot.java:225)
	at org.apache.catalina.loader.WebappClassLoaderBase.findClassInternal(WebappClassLoaderBase.java:2299)
	at org.apache.catalina.loader.WebappClassLoaderBase.findClass(WebappClassLoaderBase.java:863)
	at org.apache.catalina.loader.WebappClassLoaderBase.loadClass(WebappClassLoaderBase.java:1332)
	at org.apache.catalina.loader.WebappClassLoaderBase.loadClass(WebappClassLoaderBase.java:1186)
	at ch.qos.logback.core.ContextBase.getLifeCycleManager(ContextBase.java:260)
	at ch.qos.logback.core.ContextBase.reset(ContextBase.java:175)
	at ch.qos.logback.classic.LoggerContext.reset(LoggerContext.java:220)
	at ch.qos.logback.classic.LoggerContext.stop(LoggerContext.java:348)
	at com.haulmont.cuba.core.sys.AbstractWebAppContextLoader.contextDestroyed(AbstractWebAppContextLoader.java:116)
	at org.apache.catalina.core.StandardContext.listenerStop(StandardContext.java:4729)
	at org.apache.catalina.core.StandardContext.stopInternal(StandardContext.java:5388)
	at org.apache.catalina.util.LifecycleBase.stop(LifecycleBase.java:257)
	at org.apache.catalina.core.ContainerBase.removeChild(ContainerBase.java:803)
	at org.apache.catalina.startup.HostConfig.undeploy(HostConfig.java:1425)
	at org.apache.catalina.startup.HostConfig.checkResources(HostConfig.java:1352)
	at org.apache.catalina.startup.HostConfig.check(HostConfig.java:1611)
	at org.apache.catalina.startup.HostConfig.lifecycleEvent(HostConfig.java:305)
	at org.apache.catalina.util.LifecycleBase.fireLifecycleEvent(LifecycleBase.java:123)
	at org.apache.catalina.core.ContainerBase.backgroundProcess(ContainerBase.java:1144)
	at org.apache.catalina.core.ContainerBase$ContainerBackgroundProcessor.processChildren(ContainerBase.java:1346)
	at org.apache.catalina.core.ContainerBase$ContainerBackgroundProcessor.processChildren(ContainerBase.java:1350)
	at org.apache.catalina.core.ContainerBase$ContainerBackgroundProcessor.run(ContainerBase.java:1328)
	at java.util.concurrent.Executors$RunnableAdapter.call(Executors.java:511)
	at java.util.concurrent.FutureTask.runAndReset(FutureTask.java:308)
	at java.util.concurrent.ScheduledThreadPoolExecutor$ScheduledFutureTask.access$301(ScheduledThreadPoolExecutor.java:180)
	at java.util.concurrent.ScheduledThreadPoolExecutor$ScheduledFutureTask.run(ScheduledThreadPoolExecutor.java:294)
	at java.util.concurrent.ThreadPoolExecutor.runWorker(ThreadPoolExecutor.java:1149)
	at java.util.concurrent.ThreadPoolExecutor$Worker.run(ThreadPoolExecutor.java:624)
	at org.apache.tomcat.util.threads.TaskThread$WrappingRunnable.run(TaskThread.java:61)
	at java.lang.Thread.run(Thread.java:748)
Caused by: java.io.FileNotFoundException: /Users/mario/dev/projects/cuba/examples/cuba-example-multiple-db-support/target-tomcat/webapps/app/WEB-INF/lib/jquery-ui-1.12.1.jar (No such file or directory)
	at java.util.zip.ZipFile.open(Native Method)
	at java.util.zip.ZipFile.<init>(ZipFile.java:225)
	at java.util.zip.ZipFile.<init>(ZipFile.java:155)
	at java.util.jar.JarFile.<init>(JarFile.java:166)
	at java.util.jar.JarFile.<init>(JarFile.java:130)
	at org.apache.tomcat.util.compat.JreCompat.jarFileNewInstance(JreCompat.java:164)
	at org.apache.tomcat.util.compat.JreCompat.jarFileNewInstance(JreCompat.java:149)
	at org.apache.catalina.webresources.AbstractArchiveResourceSet.openJarFile(AbstractArchiveResourceSet.java:307)
	at org.apache.catalina.webresources.AbstractSingleArchiveResourceSet.getArchiveEntry(AbstractSingleArchiveResourceSet.java:97)
	... 35 more

23-Sep-2019 13:14:16.688 SCHWERWIEGEND [Catalina-utility-1] org.apache.catalina.core.StandardContext.listenerStop Exception sending context destroyed event to listener instance of class [com.vaadin.server.communication.JSR356WebsocketInitializer]
 java.lang.IllegalStateException: java.io.FileNotFoundException: /Users/mario/dev/projects/cuba/examples/cuba-example-multiple-db-support/target-tomcat/webapps/app/WEB-INF/lib/jquery-ui-1.12.1.jar (No such file or directory)
	at org.apache.catalina.webresources.AbstractSingleArchiveResourceSet.getArchiveEntry(AbstractSingleArchiveResourceSet.java:101)
	at org.apache.catalina.webresources.AbstractArchiveResourceSet.getResource(AbstractArchiveResourceSet.java:256)
	at org.apache.catalina.webresources.StandardRoot.getResourceInternal(StandardRoot.java:281)
	at org.apache.catalina.webresources.Cache.getResource(Cache.java:62)
	at org.apache.catalina.webresources.StandardRoot.getResource(StandardRoot.java:216)
	at org.apache.catalina.webresources.StandardRoot.getClassLoaderResource(StandardRoot.java:225)
	at org.apache.catalina.loader.WebappClassLoaderBase.findClassInternal(WebappClassLoaderBase.java:2299)
	at org.apache.catalina.loader.WebappClassLoaderBase.findClass(WebappClassLoaderBase.java:863)
	at org.apache.catalina.loader.WebappClassLoaderBase.loadClass(WebappClassLoaderBase.java:1332)
	at org.apache.catalina.loader.WebappClassLoaderBase.loadClass(WebappClassLoaderBase.java:1186)
	at org.atmosphere.cpr.AtmosphereFramework.destroy(AtmosphereFramework.java:1839)
	at com.vaadin.server.communication.JSR356WebsocketInitializer.contextDestroyed(JSR356WebsocketInitializer.java:270)
	at org.apache.catalina.core.StandardContext.listenerStop(StandardContext.java:4729)
	at org.apache.catalina.core.StandardContext.stopInternal(StandardContext.java:5388)
	at org.apache.catalina.util.LifecycleBase.stop(LifecycleBase.java:257)
	at org.apache.catalina.core.ContainerBase.removeChild(ContainerBase.java:803)
	at org.apache.catalina.startup.HostConfig.undeploy(HostConfig.java:1425)
	at org.apache.catalina.startup.HostConfig.checkResources(HostConfig.java:1352)
	at org.apache.catalina.startup.HostConfig.check(HostConfig.java:1611)
	at org.apache.catalina.startup.HostConfig.lifecycleEvent(HostConfig.java:305)
	at org.apache.catalina.util.LifecycleBase.fireLifecycleEvent(LifecycleBase.java:123)
	at org.apache.catalina.core.ContainerBase.backgroundProcess(ContainerBase.java:1144)
	at org.apache.catalina.core.ContainerBase$ContainerBackgroundProcessor.processChildren(ContainerBase.java:1346)
	at org.apache.catalina.core.ContainerBase$ContainerBackgroundProcessor.processChildren(ContainerBase.java:1350)
	at org.apache.catalina.core.ContainerBase$ContainerBackgroundProcessor.run(ContainerBase.java:1328)
	at java.util.concurrent.Executors$RunnableAdapter.call(Executors.java:511)
	at java.util.concurrent.FutureTask.runAndReset(FutureTask.java:308)
	at java.util.concurrent.ScheduledThreadPoolExecutor$ScheduledFutureTask.access$301(ScheduledThreadPoolExecutor.java:180)
	at java.util.concurrent.ScheduledThreadPoolExecutor$ScheduledFutureTask.run(ScheduledThreadPoolExecutor.java:294)
	at java.util.concurrent.ThreadPoolExecutor.runWorker(ThreadPoolExecutor.java:1149)
	at java.util.concurrent.ThreadPoolExecutor$Worker.run(ThreadPoolExecutor.java:624)
	at org.apache.tomcat.util.threads.TaskThread$WrappingRunnable.run(TaskThread.java:61)
	at java.lang.Thread.run(Thread.java:748)
Caused by: java.io.FileNotFoundException: /Users/mario/dev/projects/cuba/examples/cuba-example-multiple-db-support/target-tomcat/webapps/app/WEB-INF/lib/jquery-ui-1.12.1.jar (No such file or directory)
	at java.util.zip.ZipFile.open(Native Method)
	at java.util.zip.ZipFile.<init>(ZipFile.java:225)
	at java.util.zip.ZipFile.<init>(ZipFile.java:155)
	at java.util.jar.JarFile.<init>(JarFile.java:166)
	at java.util.jar.JarFile.<init>(JarFile.java:130)
	at org.apache.tomcat.util.compat.JreCompat.jarFileNewInstance(JreCompat.java:164)
	at org.apache.tomcat.util.compat.JreCompat.jarFileNewInstance(JreCompat.java:149)
	at org.apache.catalina.webresources.AbstractArchiveResourceSet.openJarFile(AbstractArchiveResourceSet.java:307)
	at org.apache.catalina.webresources.AbstractSingleArchiveResourceSet.getArchiveEntry(AbstractSingleArchiveResourceSet.java:97)
	... 32 more

23-Sep-2019 13:14:16.712 INFORMATION [Catalina-utility-1] org.apache.catalina.core.ApplicationContext.log Destroying Spring FrameworkServlet 'remoting'
23-Sep-2019 13:14:16.715 SCHWERWIEGEND [Catalina-utility-1] org.apache.catalina.core.StandardContext.listenerStop Exception sending context destroyed event to listener instance of class [ch.qos.logback.classic.servlet.LogbackServletContextListener]
 java.lang.IllegalStateException: java.io.FileNotFoundException: /Users/mario/dev/projects/cuba/examples/cuba-example-multiple-db-support/target-tomcat/webapps/app-core/WEB-INF/lib/gson-2.8.5.jar (No such file or directory)
	at org.apache.catalina.webresources.AbstractSingleArchiveResourceSet.getArchiveEntry(AbstractSingleArchiveResourceSet.java:101)
	at org.apache.catalina.webresources.AbstractArchiveResourceSet.getResource(AbstractArchiveResourceSet.java:256)
	at org.apache.catalina.webresources.StandardRoot.getResourceInternal(StandardRoot.java:281)
	at org.apache.catalina.webresources.Cache.getResource(Cache.java:62)
	at org.apache.catalina.webresources.StandardRoot.getResource(StandardRoot.java:216)
	at org.apache.catalina.webresources.StandardRoot.getClassLoaderResource(StandardRoot.java:225)
	at org.apache.catalina.loader.WebappClassLoaderBase.findClassInternal(WebappClassLoaderBase.java:2299)
	at org.apache.catalina.loader.WebappClassLoaderBase.findClass(WebappClassLoaderBase.java:863)
	at org.apache.catalina.loader.WebappClassLoaderBase.loadClass(WebappClassLoaderBase.java:1332)
	at org.apache.catalina.loader.WebappClassLoaderBase.loadClass(WebappClassLoaderBase.java:1186)
	at ch.qos.logback.core.ContextBase.getLifeCycleManager(ContextBase.java:260)
	at ch.qos.logback.core.ContextBase.reset(ContextBase.java:175)
	at ch.qos.logback.classic.LoggerContext.reset(LoggerContext.java:220)
	at ch.qos.logback.classic.LoggerContext.stop(LoggerContext.java:348)
	at ch.qos.logback.classic.servlet.LogbackServletContextListener.contextDestroyed(LogbackServletContextListener.java:36)
	at org.apache.catalina.core.StandardContext.listenerStop(StandardContext.java:4727)
	at org.apache.catalina.core.StandardContext.stopInternal(StandardContext.java:5388)
	at org.apache.catalina.util.LifecycleBase.stop(LifecycleBase.java:257)
	at org.apache.catalina.core.StandardContext.reload(StandardContext.java:3748)
	at org.apache.catalina.startup.HostConfig.reload(HostConfig.java:1403)
	at org.apache.catalina.startup.HostConfig.checkResources(HostConfig.java:1376)
	at org.apache.catalina.startup.HostConfig.check(HostConfig.java:1611)
	at org.apache.catalina.startup.HostConfig.lifecycleEvent(HostConfig.java:305)
	at org.apache.catalina.util.LifecycleBase.fireLifecycleEvent(LifecycleBase.java:123)
	at org.apache.catalina.core.ContainerBase.backgroundProcess(ContainerBase.java:1144)
	at org.apache.catalina.core.ContainerBase$ContainerBackgroundProcessor.processChildren(ContainerBase.java:1346)
	at org.apache.catalina.core.ContainerBase$ContainerBackgroundProcessor.processChildren(ContainerBase.java:1350)
	at org.apache.catalina.core.ContainerBase$ContainerBackgroundProcessor.run(ContainerBase.java:1328)
	at java.util.concurrent.Executors$RunnableAdapter.call(Executors.java:511)
	at java.util.concurrent.FutureTask.runAndReset(FutureTask.java:308)
	at java.util.concurrent.ScheduledThreadPoolExecutor$ScheduledFutureTask.access$301(ScheduledThreadPoolExecutor.java:180)
	at java.util.concurrent.ScheduledThreadPoolExecutor$ScheduledFutureTask.run(ScheduledThreadPoolExecutor.java:294)
	at java.util.concurrent.ThreadPoolExecutor.runWorker(ThreadPoolExecutor.java:1149)
	at java.util.concurrent.ThreadPoolExecutor$Worker.run(ThreadPoolExecutor.java:624)
	at org.apache.tomcat.util.threads.TaskThread$WrappingRunnable.run(TaskThread.java:61)
	at java.lang.Thread.run(Thread.java:748)
Caused by: java.io.FileNotFoundException: /Users/mario/dev/projects/cuba/examples/cuba-example-multiple-db-support/target-tomcat/webapps/app-core/WEB-INF/lib/gson-2.8.5.jar (No such file or directory)
	at java.util.zip.ZipFile.open(Native Method)
	at java.util.zip.ZipFile.<init>(ZipFile.java:225)
	at java.util.zip.ZipFile.<init>(ZipFile.java:155)
	at java.util.jar.JarFile.<init>(JarFile.java:166)
	at java.util.jar.JarFile.<init>(JarFile.java:130)
	at org.apache.tomcat.util.compat.JreCompat.jarFileNewInstance(JreCompat.java:164)
	at org.apache.tomcat.util.compat.JreCompat.jarFileNewInstance(JreCompat.java:149)
	at org.apache.catalina.webresources.AbstractArchiveResourceSet.openJarFile(AbstractArchiveResourceSet.java:307)
	at org.apache.catalina.webresources.AbstractSingleArchiveResourceSet.getArchiveEntry(AbstractSingleArchiveResourceSet.java:97)
	... 35 more

23-Sep-2019 13:14:16.717 SCHWERWIEGEND [Catalina-utility-1] org.apache.catalina.core.StandardContext.listenerStop Exception sending context destroyed event to listener instance of class [com.haulmont.cuba.core.sys.AppContextLoader]
 java.lang.IllegalStateException: java.io.FileNotFoundException: /Users/mario/dev/projects/cuba/examples/cuba-example-multiple-db-support/target-tomcat/webapps/app-core/WEB-INF/lib/gson-2.8.5.jar (No such file or directory)
	at org.apache.catalina.webresources.AbstractSingleArchiveResourceSet.getArchiveEntry(AbstractSingleArchiveResourceSet.java:101)
	at org.apache.catalina.webresources.AbstractArchiveResourceSet.getResource(AbstractArchiveResourceSet.java:256)
	at org.apache.catalina.webresources.StandardRoot.getResourceInternal(StandardRoot.java:281)
	at org.apache.catalina.webresources.Cache.getResource(Cache.java:62)
	at org.apache.catalina.webresources.StandardRoot.getResource(StandardRoot.java:216)
	at org.apache.catalina.webresources.StandardRoot.getClassLoaderResource(StandardRoot.java:225)
	at org.apache.catalina.loader.WebappClassLoaderBase.findClassInternal(WebappClassLoaderBase.java:2299)
	at org.apache.catalina.loader.WebappClassLoaderBase.findClass(WebappClassLoaderBase.java:863)
	at org.apache.catalina.loader.WebappClassLoaderBase.loadClass(WebappClassLoaderBase.java:1332)
	at org.apache.catalina.loader.WebappClassLoaderBase.loadClass(WebappClassLoaderBase.java:1186)
	at ch.qos.logback.classic.spi.LoggingEvent.<init>(LoggingEvent.java:119)
	at ch.qos.logback.classic.Logger.buildLoggingEventAndAppend(Logger.java:419)
	at ch.qos.logback.classic.Logger.filterAndLog_0_Or3Plus(Logger.java:383)
	at ch.qos.logback.classic.Logger.error(Logger.java:538)
	at com.haulmont.cuba.core.app.ServerInfo.applicationStopped(ServerInfo.java:161)
	at com.haulmont.cuba.core.sys.AppContext.stopContext(AppContext.java:258)
	at com.haulmont.cuba.core.sys.AppContext$Internals.stopContext(AppContext.java:309)
	at com.haulmont.cuba.core.sys.AbstractWebAppContextLoader.contextDestroyed(AbstractWebAppContextLoader.java:112)
	at org.apache.catalina.core.StandardContext.listenerStop(StandardContext.java:4729)
	at org.apache.catalina.core.StandardContext.stopInternal(StandardContext.java:5388)
	at org.apache.catalina.util.LifecycleBase.stop(LifecycleBase.java:257)
	at org.apache.catalina.core.StandardContext.reload(StandardContext.java:3748)
	at org.apache.catalina.startup.HostConfig.reload(HostConfig.java:1403)
	at org.apache.catalina.startup.HostConfig.checkResources(HostConfig.java:1376)
	at org.apache.catalina.startup.HostConfig.check(HostConfig.java:1611)
	at org.apache.catalina.startup.HostConfig.lifecycleEvent(HostConfig.java:305)
	at org.apache.catalina.util.LifecycleBase.fireLifecycleEvent(LifecycleBase.java:123)
	at org.apache.catalina.core.ContainerBase.backgroundProcess(ContainerBase.java:1144)
	at org.apache.catalina.core.ContainerBase$ContainerBackgroundProcessor.processChildren(ContainerBase.java:1346)
	at org.apache.catalina.core.ContainerBase$ContainerBackgroundProcessor.processChildren(ContainerBase.java:1350)
	at org.apache.catalina.core.ContainerBase$ContainerBackgroundProcessor.run(ContainerBase.java:1328)
	at java.util.concurrent.Executors$RunnableAdapter.call(Executors.java:511)
	at java.util.concurrent.FutureTask.runAndReset(FutureTask.java:308)
	at java.util.concurrent.ScheduledThreadPoolExecutor$ScheduledFutureTask.access$301(ScheduledThreadPoolExecutor.java:180)
	at java.util.concurrent.ScheduledThreadPoolExecutor$ScheduledFutureTask.run(ScheduledThreadPoolExecutor.java:294)
	at java.util.concurrent.ThreadPoolExecutor.runWorker(ThreadPoolExecutor.java:1149)
	at java.util.concurrent.ThreadPoolExecutor$Worker.run(ThreadPoolExecutor.java:624)
	at org.apache.tomcat.util.threads.TaskThread$WrappingRunnable.run(TaskThread.java:61)
	at java.lang.Thread.run(Thread.java:748)
Caused by: java.io.FileNotFoundException: /Users/mario/dev/projects/cuba/examples/cuba-example-multiple-db-support/target-tomcat/webapps/app-core/WEB-INF/lib/gson-2.8.5.jar (No such file or directory)
	at java.util.zip.ZipFile.open(Native Method)
	at java.util.zip.ZipFile.<init>(ZipFile.java:225)
	at java.util.zip.ZipFile.<init>(ZipFile.java:155)
	at java.util.jar.JarFile.<init>(JarFile.java:166)
	at java.util.jar.JarFile.<init>(JarFile.java:130)
	at org.apache.tomcat.util.compat.JreCompat.jarFileNewInstance(JreCompat.java:164)
	at org.apache.tomcat.util.compat.JreCompat.jarFileNewInstance(JreCompat.java:149)
	at org.apache.catalina.webresources.AbstractArchiveResourceSet.openJarFile(AbstractArchiveResourceSet.java:307)
	at org.apache.catalina.webresources.AbstractSingleArchiveResourceSet.getArchiveEntry(AbstractSingleArchiveResourceSet.java:97)
	... 38 more

23-Sep-2019 13:14:19.613 INFORMATION [Catalina-utility-1] org.apache.catalina.core.ApplicationContext.log No Spring WebApplicationInitializer types detected on classpath
23-Sep-2019 13:14:19.628 INFORMATION [Catalina-utility-1] org.apache.catalina.core.ApplicationContext.log Initializing AtmosphereFramework
23-Sep-2019 13:14:25.028 SCHWERWIEGEND [Catalina-utility-1] org.apache.catalina.core.StandardContext.listenerStart Fehler beim Senden der 'Context Initialized' Benachrichtigung an den Listener aus der Klasse [com.haulmont.cuba.core.sys.AppContextLoader]
 org.springframework.jmx.export.UnableToRegisterMBeanException: Unable to register MBean [com.haulmont.cuba.core.jmx.PersistenceManager@46d8f623] with key 'app-core.cuba:type=PersistenceManager'; nested exception is javax.management.InstanceAlreadyExistsException: app-core.cuba:type=PersistenceManager
	at org.springframework.jmx.export.MBeanExporter.registerBeanNameOrInstance(MBeanExporter.java:625)
	at org.springframework.jmx.export.MBeanExporter.lambda$registerBeans$2(MBeanExporter.java:551)
	at java.util.LinkedHashMap.forEach(LinkedHashMap.java:684)
	at org.springframework.jmx.export.MBeanExporter.registerBeans(MBeanExporter.java:551)
	at org.springframework.jmx.export.MBeanExporter.afterSingletonsInstantiated(MBeanExporter.java:434)
	at com.haulmont.cuba.core.sys.jmx.MBeanExporter.afterSingletonsInstantiated(MBeanExporter.java:77)
	at org.springframework.beans.factory.support.DefaultListableBeanFactory.preInstantiateSingletons(DefaultListableBeanFactory.java:866)
	at org.springframework.context.support.AbstractApplicationContext.finishBeanFactoryInitialization(AbstractApplicationContext.java:877)
	at org.springframework.context.support.AbstractApplicationContext.refresh(AbstractApplicationContext.java:549)
	at org.springframework.context.support.ClassPathXmlApplicationContext.<init>(ClassPathXmlApplicationContext.java:144)
	at org.springframework.context.support.ClassPathXmlApplicationContext.<init>(ClassPathXmlApplicationContext.java:95)
	at com.haulmont.cuba.core.sys.CubaClassPathXmlApplicationContext.<init>(CubaClassPathXmlApplicationContext.java:27)
	at com.haulmont.cuba.core.sys.CubaCoreApplicationContext.<init>(CubaCoreApplicationContext.java:26)
	at com.haulmont.cuba.core.sys.AppContextLoader.createApplicationContext(AppContextLoader.java:94)
	at com.haulmont.cuba.core.sys.AppContextLoader.createApplicationContext(AppContextLoader.java:39)
	at com.haulmont.cuba.core.sys.AbstractAppContextLoader.initAppContext(AbstractAppContextLoader.java:62)
	at com.haulmont.cuba.core.sys.AbstractWebAppContextLoader.contextInitialized(AbstractWebAppContextLoader.java:78)
	at org.apache.catalina.core.StandardContext.listenerStart(StandardContext.java:4682)
	at org.apache.catalina.core.StandardContext.startInternal(StandardContext.java:5150)
	at org.apache.catalina.util.LifecycleBase.start(LifecycleBase.java:183)
	at org.apache.catalina.core.StandardContext.reload(StandardContext.java:3755)
	at org.apache.catalina.startup.HostConfig.reload(HostConfig.java:1403)
	at org.apache.catalina.startup.HostConfig.checkResources(HostConfig.java:1376)
	at org.apache.catalina.startup.HostConfig.check(HostConfig.java:1611)
	at org.apache.catalina.startup.HostConfig.lifecycleEvent(HostConfig.java:305)
	at org.apache.catalina.util.LifecycleBase.fireLifecycleEvent(LifecycleBase.java:123)
	at org.apache.catalina.core.ContainerBase.backgroundProcess(ContainerBase.java:1144)
	at org.apache.catalina.core.ContainerBase$ContainerBackgroundProcessor.processChildren(ContainerBase.java:1346)
	at org.apache.catalina.core.ContainerBase$ContainerBackgroundProcessor.processChildren(ContainerBase.java:1350)
	at org.apache.catalina.core.ContainerBase$ContainerBackgroundProcessor.run(ContainerBase.java:1328)
	at java.util.concurrent.Executors$RunnableAdapter.call(Executors.java:511)
	at java.util.concurrent.FutureTask.runAndReset(FutureTask.java:308)
	at java.util.concurrent.ScheduledThreadPoolExecutor$ScheduledFutureTask.access$301(ScheduledThreadPoolExecutor.java:180)
	at java.util.concurrent.ScheduledThreadPoolExecutor$ScheduledFutureTask.run(ScheduledThreadPoolExecutor.java:294)
	at java.util.concurrent.ThreadPoolExecutor.runWorker(ThreadPoolExecutor.java:1149)
	at java.util.concurrent.ThreadPoolExecutor$Worker.run(ThreadPoolExecutor.java:624)
	at org.apache.tomcat.util.threads.TaskThread$WrappingRunnable.run(TaskThread.java:61)
	at java.lang.Thread.run(Thread.java:748)
Caused by: javax.management.InstanceAlreadyExistsException: app-core.cuba:type=PersistenceManager
	at com.sun.jmx.mbeanserver.Repository.addMBean(Repository.java:437)
	at com.sun.jmx.interceptor.DefaultMBeanServerInterceptor.registerWithRepository(DefaultMBeanServerInterceptor.java:1898)
	at com.sun.jmx.interceptor.DefaultMBeanServerInterceptor.registerDynamicMBean(DefaultMBeanServerInterceptor.java:966)
	at com.sun.jmx.interceptor.DefaultMBeanServerInterceptor.registerObject(DefaultMBeanServerInterceptor.java:900)
	at com.sun.jmx.interceptor.DefaultMBeanServerInterceptor.registerMBean(DefaultMBeanServerInterceptor.java:324)
	at com.sun.jmx.mbeanserver.JmxMBeanServer.registerMBean(JmxMBeanServer.java:522)
	at org.springframework.jmx.support.MBeanRegistrationSupport.doRegister(MBeanRegistrationSupport.java:137)
	at org.springframework.jmx.export.MBeanExporter.registerBeanInstance(MBeanExporter.java:679)
	at org.springframework.jmx.export.MBeanExporter.registerBeanNameOrInstance(MBeanExporter.java:615)
	... 37 more

23-Sep-2019 13:14:25.048 SCHWERWIEGEND [Catalina-utility-1] org.apache.catalina.core.StandardContext.listenerStop Exception sending context destroyed event to listener instance of class [com.haulmont.cuba.core.sys.AppContextLoader]
 java.lang.NullPointerException
	at com.haulmont.cuba.core.sys.AbstractWebAppContextLoader.contextDestroyed(AbstractWebAppContextLoader.java:106)
	at org.apache.catalina.core.StandardContext.listenerStop(StandardContext.java:4729)
	at org.apache.catalina.core.StandardContext.stopInternal(StandardContext.java:5388)
	at org.apache.catalina.util.LifecycleBase.stop(LifecycleBase.java:257)
	at org.apache.catalina.util.LifecycleBase.start(LifecycleBase.java:187)
	at org.apache.catalina.core.StandardContext.reload(StandardContext.java:3755)
	at org.apache.catalina.startup.HostConfig.reload(HostConfig.java:1403)
	at org.apache.catalina.startup.HostConfig.checkResources(HostConfig.java:1376)
	at org.apache.catalina.startup.HostConfig.check(HostConfig.java:1611)
	at org.apache.catalina.startup.HostConfig.lifecycleEvent(HostConfig.java:305)
	at org.apache.catalina.util.LifecycleBase.fireLifecycleEvent(LifecycleBase.java:123)
	at org.apache.catalina.core.ContainerBase.backgroundProcess(ContainerBase.java:1144)
	at org.apache.catalina.core.ContainerBase$ContainerBackgroundProcessor.processChildren(ContainerBase.java:1346)
	at org.apache.catalina.core.ContainerBase$ContainerBackgroundProcessor.processChildren(ContainerBase.java:1350)
	at org.apache.catalina.core.ContainerBase$ContainerBackgroundProcessor.run(ContainerBase.java:1328)
	at java.util.concurrent.Executors$RunnableAdapter.call(Executors.java:511)
	at java.util.concurrent.FutureTask.runAndReset(FutureTask.java:308)
	at java.util.concurrent.ScheduledThreadPoolExecutor$ScheduledFutureTask.access$301(ScheduledThreadPoolExecutor.java:180)
	at java.util.concurrent.ScheduledThreadPoolExecutor$ScheduledFutureTask.run(ScheduledThreadPoolExecutor.java:294)
	at java.util.concurrent.ThreadPoolExecutor.runWorker(ThreadPoolExecutor.java:1149)
	at java.util.concurrent.ThreadPoolExecutor$Worker.run(ThreadPoolExecutor.java:624)
	at org.apache.tomcat.util.threads.TaskThread$WrappingRunnable.run(TaskThread.java:61)
	at java.lang.Thread.run(Thread.java:748)

23-Sep-2019 13:14:29.004 INFORMATION [Catalina-utility-1] org.apache.catalina.core.ApplicationContext.log Initializing AtmosphereFramework
23-Sep-2019 13:14:29.297 INFORMATION [Catalina-utility-1] org.apache.catalina.core.ApplicationContext.log No Spring WebApplicationInitializer types detected on classpath
23-Sep-2019 13:14:34.074 INFORMATION [Catalina-utility-1] org.apache.catalina.core.ApplicationContext.log Initializing Spring CubaDispatcherServlet 'dispatcher'
23-Sep-2019 13:14:56.033 INFORMATION [main] org.apache.catalina.core.ApplicationContext.log No Spring WebApplicationInitializer types detected on classpath
23-Sep-2019 13:14:56.080 INFORMATION [main] org.apache.catalina.core.ApplicationContext.log Initializing AtmosphereFramework
23-Sep-2019 13:15:03.962 INFORMATION [main] org.apache.catalina.core.ApplicationContext.log Initializing Spring RemotingServlet 'remoting'
23-Sep-2019 13:15:08.083 INFORMATION [main] org.apache.catalina.core.ApplicationContext.log Initializing AtmosphereFramework
23-Sep-2019 13:15:08.686 INFORMATION [main] org.apache.catalina.core.ApplicationContext.log No Spring WebApplicationInitializer types detected on classpath
23-Sep-2019 13:15:13.597 INFORMATION [main] org.apache.catalina.core.ApplicationContext.log Initializing Spring CubaDispatcherServlet 'dispatcher'
23-Sep-2019 13:15:43.535 INFORMATION [main] org.apache.catalina.core.ApplicationContext.log Destroying Spring FrameworkServlet 'dispatcher'
23-Sep-2019 13:15:43.592 INFORMATION [main] org.apache.catalina.core.ApplicationContext.log Destroying Spring FrameworkServlet 'remoting'
23-Sep-2019 13:16:37.929 INFORMATION [main] org.apache.catalina.core.ApplicationContext.log No Spring WebApplicationInitializer types detected on classpath
23-Sep-2019 13:16:37.972 INFORMATION [main] org.apache.catalina.core.ApplicationContext.log Initializing AtmosphereFramework
23-Sep-2019 13:16:46.489 INFORMATION [main] org.apache.catalina.core.ApplicationContext.log Initializing Spring RemotingServlet 'remoting'
23-Sep-2019 13:16:50.863 INFORMATION [main] org.apache.catalina.core.ApplicationContext.log Initializing AtmosphereFramework
23-Sep-2019 13:16:51.455 INFORMATION [main] org.apache.catalina.core.ApplicationContext.log No Spring WebApplicationInitializer types detected on classpath
23-Sep-2019 13:16:56.241 INFORMATION [main] org.apache.catalina.core.ApplicationContext.log Initializing Spring CubaDispatcherServlet 'dispatcher'
23-Sep-2019 13:18:05.205 INFORMATION [main] org.apache.catalina.core.ApplicationContext.log Destroying Spring FrameworkServlet 'dispatcher'
23-Sep-2019 13:18:05.305 INFORMATION [main] org.apache.catalina.core.ApplicationContext.log Destroying Spring FrameworkServlet 'remoting'
23-Sep-2019 13:18:14.331 INFORMATION [main] org.apache.catalina.core.ApplicationContext.log No Spring WebApplicationInitializer types detected on classpath
23-Sep-2019 13:18:14.366 INFORMATION [main] org.apache.catalina.core.ApplicationContext.log Initializing AtmosphereFramework
23-Sep-2019 13:18:25.396 INFORMATION [main] org.apache.catalina.core.ApplicationContext.log Initializing Spring RemotingServlet 'remoting'
23-Sep-2019 13:18:26.326 INFORMATION [main] org.apache.catalina.core.ApplicationContext.log Initializing AtmosphereFramework
23-Sep-2019 13:18:26.943 INFORMATION [main] org.apache.catalina.core.ApplicationContext.log No Spring WebApplicationInitializer types detected on classpath
23-Sep-2019 13:18:31.661 INFORMATION [main] org.apache.catalina.core.ApplicationContext.log Initializing Spring CubaDispatcherServlet 'dispatcher'
23-Sep-2019 13:19:28.294 INFORMATION [main] org.apache.catalina.core.ApplicationContext.log Destroying Spring FrameworkServlet 'dispatcher'
23-Sep-2019 13:19:28.364 INFORMATION [main] org.apache.catalina.core.ApplicationContext.log Destroying Spring FrameworkServlet 'remoting'
23-Sep-2019 13:19:38.667 INFORMATION [main] org.apache.catalina.core.ApplicationContext.log No Spring WebApplicationInitializer types detected on classpath
23-Sep-2019 13:19:38.714 INFORMATION [main] org.apache.catalina.core.ApplicationContext.log Initializing AtmosphereFramework
23-Sep-2019 13:19:46.522 INFORMATION [main] org.apache.catalina.core.ApplicationContext.log Initializing Spring RemotingServlet 'remoting'
23-Sep-2019 13:19:47.255 INFORMATION [main] org.apache.catalina.core.ApplicationContext.log Initializing AtmosphereFramework
23-Sep-2019 13:19:47.664 INFORMATION [main] org.apache.catalina.core.ApplicationContext.log No Spring WebApplicationInitializer types detected on classpath
23-Sep-2019 13:19:52.376 INFORMATION [main] org.apache.catalina.core.ApplicationContext.log Initializing Spring CubaDispatcherServlet 'dispatcher'
