Performance Statistics   2019-09-23 13:14:00 - 2019-09-23 13:15:00
Tag                                                  Avg(ms)         Min         Max     Std Dev       Count
Messages.searchClasspath                                 0,1           0           2         0,3          48
Messages.searchFiles                                     0,3           0          12         1,7          48

[FAILED toString()]
[FAILED toString()]
Performance Statistics   2019-09-23 13:14:00 - 2019-09-23 13:15:00
Tag                                                  Avg(ms)         Min         Max     Std Dev       Count
LoadClass                                                0,2           0           1         0,4          12
Messages.searchClasspath                                 0,2           0           8         1,1          60
Messages.searchFiles                                     0,3           0          17         2,2          60
Metadata.replaceExtendedMetaClasses                      5,0           5           5         0,0           1
WebJARs                                                  9,0           9           9         0,0           1

Performance Statistics   2019-09-23 13:15:00 - 2019-09-23 13:16:00
Tag                                                  Avg(ms)         Min         Max     Std Dev       Count
LoadClass                                                0,2           0           1         0,4          12
Messages.searchClasspath                                 0,3           0           9         1,2          60
Messages.searchFiles                                     0,3           0          16         2,0          60
Metadata.replaceExtendedMetaClasses                      3,0           3           3         0,0           1
WebJARs                                                 10,0          10          10         0,0           1

Performance Statistics   2019-09-23 13:15:00 - 2019-09-23 13:16:00
Tag                                                  Avg(ms)         Min         Max     Std Dev       Count
Messages.searchClasspath                                 0,1           0           3         0,6          48
Messages.searchFiles                                     0,4           0          21         3,0          48
Metadata.replaceExtendedMetaClasses                      1,0           1           1         0,0           1

Performance Statistics   2019-09-23 13:14:00 - 2019-09-23 13:15:00
Tag                                                  Avg(ms)         Min         Max     Std Dev       Count

[FAILED toString()]
[FAILED toString()]
Performance Statistics   2019-09-23 13:15:00 - 2019-09-23 13:16:00
Tag                                                  Avg(ms)         Min         Max     Std Dev       Count

Performance Statistics   2019-09-23 13:15:00 - 2019-09-23 13:16:00
Tag                                                  Avg(ms)         Min         Max     Std Dev       Count

[FAILED toString()]
[FAILED toString()]
Performance Statistics   2019-09-23 13:16:00 - 2019-09-23 13:17:00
Tag                                                  Avg(ms)         Min         Max     Std Dev       Count

Performance Statistics   2019-09-23 13:16:00 - 2019-09-23 13:17:00
Tag                                                  Avg(ms)         Min         Max     Std Dev       Count
Messages.searchClasspath                                 0,3           0           9         1,3          48
Messages.searchFiles                                     0,4           0          17         2,4          48
Metadata.replaceExtendedMetaClasses                      1,0           1           1         0,0           1

Performance Statistics   2019-09-23 13:16:00 - 2019-09-23 13:17:00
Tag                                                  Avg(ms)         Min         Max     Std Dev       Count

[FAILED toString()]
Performance Statistics   2019-09-23 13:16:00 - 2019-09-23 13:17:00
Tag                                                  Avg(ms)         Min         Max     Std Dev       Count
LoadClass                                                0,2           0           1         0,4          12
Messages.searchClasspath                                 0,2           0           6         0,9          60
Messages.searchFiles                                     0,3           0          16         2,0          60
Metadata.replaceExtendedMetaClasses                      1,0           1           1         0,0           1
WebJARs                                                 11,0          11          11         0,0           1

[FAILED toString()]
Performance Statistics   2019-09-23 13:17:00 - 2019-09-23 13:18:00
Tag                                                  Avg(ms)         Min         Max     Std Dev       Count

Performance Statistics   2019-09-23 13:17:00 - 2019-09-23 13:18:00
Tag                                                  Avg(ms)         Min         Max     Std Dev       Count

[FAILED toString()]
[FAILED toString()]
Performance Statistics   2019-09-23 13:18:00 - 2019-09-23 13:19:00
Tag                                                  Avg(ms)         Min         Max     Std Dev       Count
LoadClass                                                0,7           0           7         1,7          15
Messages.searchClasspath                                 0,1           0           7         0,5         290
Messages.searchFiles                                     0,1           0          18         1,1         290
Metadata.replaceExtendedMetaClasses                      1,0           1           1         0,0           1
WebJARs                                                 13,0          13          13         0,0           1

Performance Statistics   2019-09-23 13:18:00 - 2019-09-23 13:19:00
Tag                                                  Avg(ms)         Min         Max     Std Dev       Count
Messages.searchClasspath                                 0,1           0           3         0,5          48
Messages.searchFiles                                     0,4           0          18         2,6          48
Metadata.replaceExtendedMetaClasses                      1,0           1           1         0,0           1
PersistenceSecurity.applyConstraints(..)                 2,0           2           2         0,0           1
ViewRepository.init.ViewRepositoryImpl                  16,0          16          16         0,0           1

Performance Statistics   2019-09-23 13:18:00 - 2019-09-23 13:19:00
Tag                                                  Avg(ms)         Min         Max     Std Dev       Count

Performance Statistics   2019-09-23 13:18:00 - 2019-09-23 13:19:00
Tag                                                  Avg(ms)         Min         Max     Std Dev       Count

[FAILED toString()]
Performance Statistics   2019-09-23 13:19:00 - 2019-09-23 13:20:00
Tag                                                  Avg(ms)         Min         Max     Std Dev       Count
LoadClass                                                0,5           0           1         0,5          14
Messages.searchClasspath                                 0,1           0          14         0,9         263
Messages.searchFiles                                     0,1           0          37         2,3         263
Metadata.replaceExtendedMetaClasses                      3,0           3           3         0,0           1
WebJARs                                                 15,0          15          15         0,0           1

Performance Statistics   2019-09-23 13:19:00 - 2019-09-23 13:20:00
Tag                                                  Avg(ms)         Min         Max     Std Dev       Count
Messages.searchClasspath                                 0,1           0           2         0,4          48
Messages.searchFiles                                     0,4           0          16         2,3          48
Metadata.replaceExtendedMetaClasses                      1,0           1           1         0,0           1

[FAILED toString()]
Performance Statistics   2019-09-23 13:19:00 - 2019-09-23 13:20:00
Tag                                                  Avg(ms)         Min         Max     Std Dev       Count

Performance Statistics   2019-09-23 13:19:00 - 2019-09-23 13:20:00
Tag                                                  Avg(ms)         Min         Max     Std Dev       Count

[FAILED toString()]
Performance Statistics   2019-09-23 13:20:00 - 2019-09-23 13:21:00
Tag                                                  Avg(ms)         Min         Max     Std Dev       Count
PersistenceSecurity.applyConstraints(..)                44,0          44          44         0,0           1
ViewRepository.init.ViewRepositoryImpl                  17,0          17          17         0,0           1

Performance Statistics   2019-09-23 13:20:00 - 2019-09-23 13:21:00
Tag                                                  Avg(ms)         Min         Max     Std Dev       Count
Messages.searchClasspath                                 0,0           0           0         0,0          27
Messages.searchFiles                                     0,0           0           0         0,0          27

[FAILED toString()]
Performance Statistics   2019-09-23 13:20:00 - 2019-09-23 13:21:00
Tag                                                  Avg(ms)         Min         Max     Std Dev       Count

Performance Statistics   2019-09-23 13:20:00 - 2019-09-23 13:21:00
Tag                                                  Avg(ms)         Min         Max     Std Dev       Count

Performance Statistics   2019-09-23 13:20:00 - 2019-09-23 13:21:00
Tag                                                  Avg(ms)         Min         Max     Std Dev       Count

[FAILED toString()]
Performance Statistics   2019-09-23 13:21:00 - 2019-09-23 13:22:00
Tag                                                  Avg(ms)         Min         Max     Std Dev       Count

Performance Statistics   2019-09-23 13:21:00 - 2019-09-23 13:22:00
Tag                                                  Avg(ms)         Min         Max     Std Dev       Count

[FAILED toString()]
Performance Statistics   2019-09-23 13:21:00 - 2019-09-23 13:22:00
Tag                                                  Avg(ms)         Min         Max     Std Dev       Count

Performance Statistics   2019-09-23 13:21:00 - 2019-09-23 13:22:00
Tag                                                  Avg(ms)         Min         Max     Std Dev       Count

Performance Statistics   2019-09-23 13:21:00 - 2019-09-23 13:22:00
Tag                                                  Avg(ms)         Min         Max     Std Dev       Count

[FAILED toString()]
Performance Statistics   2019-09-23 13:22:00 - 2019-09-23 13:23:00
Tag                                                  Avg(ms)         Min         Max     Std Dev       Count

Performance Statistics   2019-09-23 13:22:00 - 2019-09-23 13:23:00
Tag                                                  Avg(ms)         Min         Max     Std Dev       Count

[FAILED toString()]
Performance Statistics   2019-09-23 13:22:00 - 2019-09-23 13:23:00
Tag                                                  Avg(ms)         Min         Max     Std Dev       Count

Performance Statistics   2019-09-23 13:22:00 - 2019-09-23 13:23:00
Tag                                                  Avg(ms)         Min         Max     Std Dev       Count

Performance Statistics   2019-09-23 13:22:00 - 2019-09-23 13:23:00
Tag                                                  Avg(ms)         Min         Max     Std Dev       Count

[FAILED toString()]
Performance Statistics   2019-09-23 13:23:00 - 2019-09-23 13:24:00
Tag                                                  Avg(ms)         Min         Max     Std Dev       Count

Performance Statistics   2019-09-23 13:23:00 - 2019-09-23 13:24:00
Tag                                                  Avg(ms)         Min         Max     Std Dev       Count

[FAILED toString()]
Performance Statistics   2019-09-23 13:23:00 - 2019-09-23 13:24:00
Tag                                                  Avg(ms)         Min         Max     Std Dev       Count

Performance Statistics   2019-09-23 13:23:00 - 2019-09-23 13:24:00
Tag                                                  Avg(ms)         Min         Max     Std Dev       Count

Performance Statistics   2019-09-23 13:23:00 - 2019-09-23 13:24:00
Tag                                                  Avg(ms)         Min         Max     Std Dev       Count

[FAILED toString()]
Performance Statistics   2019-09-23 13:24:00 - 2019-09-23 13:25:00
Tag                                                  Avg(ms)         Min         Max     Std Dev       Count

Performance Statistics   2019-09-23 13:24:00 - 2019-09-23 13:25:00
Tag                                                  Avg(ms)         Min         Max     Std Dev       Count

[FAILED toString()]
Performance Statistics   2019-09-23 13:24:00 - 2019-09-23 13:25:00
Tag                                                  Avg(ms)         Min         Max     Std Dev       Count

Performance Statistics   2019-09-23 13:24:00 - 2019-09-23 13:25:00
Tag                                                  Avg(ms)         Min         Max     Std Dev       Count

Performance Statistics   2019-09-23 13:24:00 - 2019-09-23 13:25:00
Tag                                                  Avg(ms)         Min         Max     Std Dev       Count

[FAILED toString()]
Performance Statistics   2019-09-23 13:25:00 - 2019-09-23 13:26:00
Tag                                                  Avg(ms)         Min         Max     Std Dev       Count

Performance Statistics   2019-09-23 13:25:00 - 2019-09-23 13:26:00
Tag                                                  Avg(ms)         Min         Max     Std Dev       Count

[FAILED toString()]
Performance Statistics   2019-09-23 13:25:00 - 2019-09-23 13:26:00
Tag                                                  Avg(ms)         Min         Max     Std Dev       Count

Performance Statistics   2019-09-23 13:25:00 - 2019-09-23 13:26:00
Tag                                                  Avg(ms)         Min         Max     Std Dev       Count

Performance Statistics   2019-09-23 13:25:00 - 2019-09-23 13:26:00
Tag                                                  Avg(ms)         Min         Max     Std Dev       Count

[FAILED toString()]
Performance Statistics   2019-09-23 13:26:00 - 2019-09-23 13:27:00
Tag                                                  Avg(ms)         Min         Max     Std Dev       Count

Performance Statistics   2019-09-23 13:26:00 - 2019-09-23 13:27:00
Tag                                                  Avg(ms)         Min         Max     Std Dev       Count

[FAILED toString()]
Performance Statistics   2019-09-23 13:26:00 - 2019-09-23 13:27:00
Tag                                                  Avg(ms)         Min         Max     Std Dev       Count

Performance Statistics   2019-09-23 13:26:00 - 2019-09-23 13:27:00
Tag                                                  Avg(ms)         Min         Max     Std Dev       Count

Performance Statistics   2019-09-23 13:26:00 - 2019-09-23 13:27:00
Tag                                                  Avg(ms)         Min         Max     Std Dev       Count

[FAILED toString()]
Performance Statistics   2019-09-23 13:27:00 - 2019-09-23 13:28:00
Tag                                                  Avg(ms)         Min         Max     Std Dev       Count

Performance Statistics   2019-09-23 13:27:00 - 2019-09-23 13:28:00
Tag                                                  Avg(ms)         Min         Max     Std Dev       Count

[FAILED toString()]
Performance Statistics   2019-09-23 13:27:00 - 2019-09-23 13:28:00
Tag                                                  Avg(ms)         Min         Max     Std Dev       Count

Performance Statistics   2019-09-23 13:27:00 - 2019-09-23 13:28:00
Tag                                                  Avg(ms)         Min         Max     Std Dev       Count

Performance Statistics   2019-09-23 13:27:00 - 2019-09-23 13:28:00
Tag                                                  Avg(ms)         Min         Max     Std Dev       Count

[FAILED toString()]
Performance Statistics   2019-09-23 13:28:00 - 2019-09-23 13:29:00
Tag                                                  Avg(ms)         Min         Max     Std Dev       Count

Performance Statistics   2019-09-23 13:28:00 - 2019-09-23 13:29:00
Tag                                                  Avg(ms)         Min         Max     Std Dev       Count

[FAILED toString()]
Performance Statistics   2019-09-23 13:28:00 - 2019-09-23 13:29:00
Tag                                                  Avg(ms)         Min         Max     Std Dev       Count

Performance Statistics   2019-09-23 13:28:00 - 2019-09-23 13:29:00
Tag                                                  Avg(ms)         Min         Max     Std Dev       Count

Performance Statistics   2019-09-23 13:28:00 - 2019-09-23 13:29:00
Tag                                                  Avg(ms)         Min         Max     Std Dev       Count

[FAILED toString()]
Performance Statistics   2019-09-23 13:29:00 - 2019-09-23 13:30:00
Tag                                                  Avg(ms)         Min         Max     Std Dev       Count

Performance Statistics   2019-09-23 13:29:00 - 2019-09-23 13:30:00
Tag                                                  Avg(ms)         Min         Max     Std Dev       Count

[FAILED toString()]
Performance Statistics   2019-09-23 13:29:00 - 2019-09-23 13:30:00
Tag                                                  Avg(ms)         Min         Max     Std Dev       Count

Performance Statistics   2019-09-23 13:29:00 - 2019-09-23 13:30:00
Tag                                                  Avg(ms)         Min         Max     Std Dev       Count

Performance Statistics   2019-09-23 13:29:00 - 2019-09-23 13:30:00
Tag                                                  Avg(ms)         Min         Max     Std Dev       Count

[FAILED toString()]
Performance Statistics   2019-09-23 13:30:00 - 2019-09-23 13:31:00
Tag                                                  Avg(ms)         Min         Max     Std Dev       Count

Performance Statistics   2019-09-23 13:30:00 - 2019-09-23 13:31:00
Tag                                                  Avg(ms)         Min         Max     Std Dev       Count

[FAILED toString()]
Performance Statistics   2019-09-23 13:30:00 - 2019-09-23 13:31:00
Tag                                                  Avg(ms)         Min         Max     Std Dev       Count

Performance Statistics   2019-09-23 13:30:00 - 2019-09-23 13:31:00
Tag                                                  Avg(ms)         Min         Max     Std Dev       Count

Performance Statistics   2019-09-23 13:30:00 - 2019-09-23 13:31:00
Tag                                                  Avg(ms)         Min         Max     Std Dev       Count

[FAILED toString()]
Performance Statistics   2019-09-23 13:31:00 - 2019-09-23 13:32:00
Tag                                                  Avg(ms)         Min         Max     Std Dev       Count

Performance Statistics   2019-09-23 13:31:00 - 2019-09-23 13:32:00
Tag                                                  Avg(ms)         Min         Max     Std Dev       Count

[FAILED toString()]
Performance Statistics   2019-09-23 13:31:00 - 2019-09-23 13:32:00
Tag                                                  Avg(ms)         Min         Max     Std Dev       Count

Performance Statistics   2019-09-23 13:31:00 - 2019-09-23 13:32:00
Tag                                                  Avg(ms)         Min         Max     Std Dev       Count

Performance Statistics   2019-09-23 13:31:00 - 2019-09-23 13:32:00
Tag                                                  Avg(ms)         Min         Max     Std Dev       Count

[FAILED toString()]
Performance Statistics   2019-09-23 13:32:00 - 2019-09-23 13:33:00
Tag                                                  Avg(ms)         Min         Max     Std Dev       Count

Performance Statistics   2019-09-23 13:32:00 - 2019-09-23 13:33:00
Tag                                                  Avg(ms)         Min         Max     Std Dev       Count

[FAILED toString()]
Performance Statistics   2019-09-23 13:32:00 - 2019-09-23 13:33:00
Tag                                                  Avg(ms)         Min         Max     Std Dev       Count

Performance Statistics   2019-09-23 13:32:00 - 2019-09-23 13:33:00
Tag                                                  Avg(ms)         Min         Max     Std Dev       Count

Performance Statistics   2019-09-23 13:32:00 - 2019-09-23 13:33:00
Tag                                                  Avg(ms)         Min         Max     Std Dev       Count

[FAILED toString()]
Performance Statistics   2019-09-23 13:33:00 - 2019-09-23 13:34:00
Tag                                                  Avg(ms)         Min         Max     Std Dev       Count

Performance Statistics   2019-09-23 13:33:00 - 2019-09-23 13:34:00
Tag                                                  Avg(ms)         Min         Max     Std Dev       Count

[FAILED toString()]
Performance Statistics   2019-09-23 13:33:00 - 2019-09-23 13:34:00
Tag                                                  Avg(ms)         Min         Max     Std Dev       Count

Performance Statistics   2019-09-23 13:33:00 - 2019-09-23 13:34:00
Tag                                                  Avg(ms)         Min         Max     Std Dev       Count

Performance Statistics   2019-09-23 13:33:00 - 2019-09-23 13:34:00
Tag                                                  Avg(ms)         Min         Max     Std Dev       Count

[FAILED toString()]
Performance Statistics   2019-09-23 13:34:00 - 2019-09-23 13:35:00
Tag                                                  Avg(ms)         Min         Max     Std Dev       Count

Performance Statistics   2019-09-23 13:34:00 - 2019-09-23 13:35:00
Tag                                                  Avg(ms)         Min         Max     Std Dev       Count

[FAILED toString()]
Performance Statistics   2019-09-23 13:34:00 - 2019-09-23 13:35:00
Tag                                                  Avg(ms)         Min         Max     Std Dev       Count

Performance Statistics   2019-09-23 13:34:00 - 2019-09-23 13:35:00
Tag                                                  Avg(ms)         Min         Max     Std Dev       Count

Performance Statistics   2019-09-23 13:34:00 - 2019-09-23 13:35:00
Tag                                                  Avg(ms)         Min         Max     Std Dev       Count

[FAILED toString()]
Performance Statistics   2019-09-23 13:35:00 - 2019-09-23 13:36:00
Tag                                                  Avg(ms)         Min         Max     Std Dev       Count

Performance Statistics   2019-09-23 13:35:00 - 2019-09-23 13:36:00
Tag                                                  Avg(ms)         Min         Max     Std Dev       Count

[FAILED toString()]
Performance Statistics   2019-09-23 13:35:00 - 2019-09-23 13:36:00
Tag                                                  Avg(ms)         Min         Max     Std Dev       Count

Performance Statistics   2019-09-23 13:35:00 - 2019-09-23 13:36:00
Tag                                                  Avg(ms)         Min         Max     Std Dev       Count

Performance Statistics   2019-09-23 13:35:00 - 2019-09-23 13:36:00
Tag                                                  Avg(ms)         Min         Max     Std Dev       Count

[FAILED toString()]
Performance Statistics   2019-09-23 13:36:00 - 2019-09-23 13:37:00
Tag                                                  Avg(ms)         Min         Max     Std Dev       Count

Performance Statistics   2019-09-23 13:36:00 - 2019-09-23 13:37:00
Tag                                                  Avg(ms)         Min         Max     Std Dev       Count

[FAILED toString()]
Performance Statistics   2019-09-23 13:36:00 - 2019-09-23 13:37:00
Tag                                                  Avg(ms)         Min         Max     Std Dev       Count

Performance Statistics   2019-09-23 13:36:00 - 2019-09-23 13:37:00
Tag                                                  Avg(ms)         Min         Max     Std Dev       Count

Performance Statistics   2019-09-23 13:36:00 - 2019-09-23 13:37:00
Tag                                                  Avg(ms)         Min         Max     Std Dev       Count

[FAILED toString()]
Performance Statistics   2019-09-23 13:37:00 - 2019-09-23 13:38:00
Tag                                                  Avg(ms)         Min         Max     Std Dev       Count

Performance Statistics   2019-09-23 13:37:00 - 2019-09-23 13:38:00
Tag                                                  Avg(ms)         Min         Max     Std Dev       Count

[FAILED toString()]
Performance Statistics   2019-09-23 13:37:00 - 2019-09-23 13:38:00
Tag                                                  Avg(ms)         Min         Max     Std Dev       Count

Performance Statistics   2019-09-23 13:37:00 - 2019-09-23 13:38:00
Tag                                                  Avg(ms)         Min         Max     Std Dev       Count

