[FAILED toString()]
Performance Statistics   2019-09-23 13:14:00 - 2019-09-23 13:16:00
Tag                                                  Avg(ms)         Min         Max     Std Dev       Count

[FAILED toString()]
Performance Statistics   2019-09-23 13:16:00 - 2019-09-23 13:18:00
Tag                                                  Avg(ms)         Min         Max     Std Dev       Count

Performance Statistics   2019-09-23 13:18:00 - 2019-09-23 13:20:00
Tag                                                  Avg(ms)         Min         Max     Std Dev       Count
login#afterShow                                          0,0           0           0         0,0           2
login#beforeShow                                         2,5           0           5         2,5           2
login#create                                            70,0           0         140        70,0           2
login#init                                              12,5           0          25        12,5           2
login#inject                                            25,0           0          50        25,0           2
login#load                                             244,0           2         486       242,0           2
login#uiPermissions                                      0,0           0           0         0,0           2
login#xml                                                6,0           0          12         6,0           2
main#afterShow                                           8,0           8           8         0,0           1
main#beforeShow                                          0,0           0           0         0,0           1
main#create                                             16,0          16          16         0,0           1
main#init                                               11,0          11          11         0,0           1
main#inject                                              5,0           5           5         0,0           1
main#load                                              180,0         180         180         0,0           1
main#uiPermissions                                       0,0           0           0         0,0           1
main#xml                                                 7,0           7           7         0,0           1

[FAILED toString()]
Performance Statistics   2019-09-23 13:16:00 - 2019-09-23 13:18:00
Tag                                                  Avg(ms)         Min         Max     Std Dev       Count

Performance Statistics   2019-09-23 13:18:00 - 2019-09-23 13:20:00
Tag                                                  Avg(ms)         Min         Max     Std Dev       Count
login#afterShow                                          0,0           0           0         0,0           1
login#beforeShow                                         4,0           4           4         0,0           1
login#create                                           147,0         147         147         0,0           1
login#init                                              24,0          24          24         0,0           1
login#inject                                            50,0          50          50         0,0           1
login#load                                             457,0         457         457         0,0           1
login#uiPermissions                                      0,0           0           0         0,0           1
login#xml                                               12,0          12          12         0,0           1
main#create                                             19,0          19          19         0,0           1
main#inject                                             10,0          10          10         0,0           1
main#load                                              182,0         182         182         0,0           1
main#xml                                                 3,0           3           3         0,0           1

[FAILED toString()]
Performance Statistics   2019-09-23 13:18:00 - 2019-09-23 13:20:00
Tag                                                  Avg(ms)         Min         Max     Std Dev       Count

[FAILED toString()]
Performance Statistics   2019-09-23 13:18:00 - 2019-09-23 13:20:00
Tag                                                  Avg(ms)         Min         Max     Std Dev       Count

[FAILED toString()]
Performance Statistics   2019-09-23 13:20:00 - 2019-09-23 13:22:00
Tag                                                  Avg(ms)         Min         Max     Std Dev       Count
main#afterShow                                           9,0           9           9         0,0           1
main#beforeShow                                          0,0           0           0         0,0           1
main#init                                               34,0          34          34         0,0           1
main#uiPermissions                                       0,0           0           0         0,0           1

Performance Statistics   2019-09-23 13:20:00 - 2019-09-23 13:22:00
Tag                                                  Avg(ms)         Min         Max     Std Dev       Count

Performance Statistics   2019-09-23 13:20:00 - 2019-09-23 13:22:00
Tag                                                  Avg(ms)         Min         Max     Std Dev       Count

Performance Statistics   2019-09-23 13:20:00 - 2019-09-23 13:22:00
Tag                                                  Avg(ms)         Min         Max     Std Dev       Count

[FAILED toString()]
Performance Statistics   2019-09-23 13:20:00 - 2019-09-23 13:22:00
Tag                                                  Avg(ms)         Min         Max     Std Dev       Count

Performance Statistics   2019-09-23 13:22:00 - 2019-09-23 13:24:00
Tag                                                  Avg(ms)         Min         Max     Std Dev       Count

[FAILED toString()]
Performance Statistics   2019-09-23 13:22:00 - 2019-09-23 13:24:00
Tag                                                  Avg(ms)         Min         Max     Std Dev       Count

Performance Statistics   2019-09-23 13:22:00 - 2019-09-23 13:24:00
Tag                                                  Avg(ms)         Min         Max     Std Dev       Count

Performance Statistics   2019-09-23 13:22:00 - 2019-09-23 13:24:00
Tag                                                  Avg(ms)         Min         Max     Std Dev       Count

[FAILED toString()]
Performance Statistics   2019-09-23 13:22:00 - 2019-09-23 13:24:00
Tag                                                  Avg(ms)         Min         Max     Std Dev       Count

Performance Statistics   2019-09-23 13:24:00 - 2019-09-23 13:26:00
Tag                                                  Avg(ms)         Min         Max     Std Dev       Count

[FAILED toString()]
Performance Statistics   2019-09-23 13:24:00 - 2019-09-23 13:26:00
Tag                                                  Avg(ms)         Min         Max     Std Dev       Count

Performance Statistics   2019-09-23 13:24:00 - 2019-09-23 13:26:00
Tag                                                  Avg(ms)         Min         Max     Std Dev       Count

Performance Statistics   2019-09-23 13:24:00 - 2019-09-23 13:26:00
Tag                                                  Avg(ms)         Min         Max     Std Dev       Count

[FAILED toString()]
Performance Statistics   2019-09-23 13:24:00 - 2019-09-23 13:26:00
Tag                                                  Avg(ms)         Min         Max     Std Dev       Count

Performance Statistics   2019-09-23 13:26:00 - 2019-09-23 13:28:00
Tag                                                  Avg(ms)         Min         Max     Std Dev       Count

[FAILED toString()]
Performance Statistics   2019-09-23 13:26:00 - 2019-09-23 13:28:00
Tag                                                  Avg(ms)         Min         Max     Std Dev       Count

Performance Statistics   2019-09-23 13:26:00 - 2019-09-23 13:28:00
Tag                                                  Avg(ms)         Min         Max     Std Dev       Count

Performance Statistics   2019-09-23 13:26:00 - 2019-09-23 13:28:00
Tag                                                  Avg(ms)         Min         Max     Std Dev       Count

[FAILED toString()]
Performance Statistics   2019-09-23 13:26:00 - 2019-09-23 13:28:00
Tag                                                  Avg(ms)         Min         Max     Std Dev       Count

Performance Statistics   2019-09-23 13:28:00 - 2019-09-23 13:30:00
Tag                                                  Avg(ms)         Min         Max     Std Dev       Count

[FAILED toString()]
Performance Statistics   2019-09-23 13:28:00 - 2019-09-23 13:30:00
Tag                                                  Avg(ms)         Min         Max     Std Dev       Count

Performance Statistics   2019-09-23 13:28:00 - 2019-09-23 13:30:00
Tag                                                  Avg(ms)         Min         Max     Std Dev       Count

Performance Statistics   2019-09-23 13:28:00 - 2019-09-23 13:30:00
Tag                                                  Avg(ms)         Min         Max     Std Dev       Count

[FAILED toString()]
Performance Statistics   2019-09-23 13:28:00 - 2019-09-23 13:30:00
Tag                                                  Avg(ms)         Min         Max     Std Dev       Count

Performance Statistics   2019-09-23 13:30:00 - 2019-09-23 13:32:00
Tag                                                  Avg(ms)         Min         Max     Std Dev       Count

[FAILED toString()]
Performance Statistics   2019-09-23 13:30:00 - 2019-09-23 13:32:00
Tag                                                  Avg(ms)         Min         Max     Std Dev       Count

Performance Statistics   2019-09-23 13:30:00 - 2019-09-23 13:32:00
Tag                                                  Avg(ms)         Min         Max     Std Dev       Count

Performance Statistics   2019-09-23 13:30:00 - 2019-09-23 13:32:00
Tag                                                  Avg(ms)         Min         Max     Std Dev       Count

[FAILED toString()]
Performance Statistics   2019-09-23 13:30:00 - 2019-09-23 13:32:00
Tag                                                  Avg(ms)         Min         Max     Std Dev       Count

Performance Statistics   2019-09-23 13:32:00 - 2019-09-23 13:34:00
Tag                                                  Avg(ms)         Min         Max     Std Dev       Count

[FAILED toString()]
Performance Statistics   2019-09-23 13:32:00 - 2019-09-23 13:34:00
Tag                                                  Avg(ms)         Min         Max     Std Dev       Count

Performance Statistics   2019-09-23 13:32:00 - 2019-09-23 13:34:00
Tag                                                  Avg(ms)         Min         Max     Std Dev       Count

Performance Statistics   2019-09-23 13:32:00 - 2019-09-23 13:34:00
Tag                                                  Avg(ms)         Min         Max     Std Dev       Count

[FAILED toString()]
Performance Statistics   2019-09-23 13:32:00 - 2019-09-23 13:34:00
Tag                                                  Avg(ms)         Min         Max     Std Dev       Count

Performance Statistics   2019-09-23 13:34:00 - 2019-09-23 13:36:00
Tag                                                  Avg(ms)         Min         Max     Std Dev       Count

[FAILED toString()]
Performance Statistics   2019-09-23 13:34:00 - 2019-09-23 13:36:00
Tag                                                  Avg(ms)         Min         Max     Std Dev       Count

Performance Statistics   2019-09-23 13:34:00 - 2019-09-23 13:36:00
Tag                                                  Avg(ms)         Min         Max     Std Dev       Count

Performance Statistics   2019-09-23 13:34:00 - 2019-09-23 13:36:00
Tag                                                  Avg(ms)         Min         Max     Std Dev       Count

[FAILED toString()]
Performance Statistics   2019-09-23 13:34:00 - 2019-09-23 13:36:00
Tag                                                  Avg(ms)         Min         Max     Std Dev       Count

Performance Statistics   2019-09-23 13:36:00 - 2019-09-23 13:38:00
Tag                                                  Avg(ms)         Min         Max     Std Dev       Count

[FAILED toString()]
Performance Statistics   2019-09-23 13:36:00 - 2019-09-23 13:38:00
Tag                                                  Avg(ms)         Min         Max     Std Dev       Count

Performance Statistics   2019-09-23 13:36:00 - 2019-09-23 13:38:00
Tag                                                  Avg(ms)         Min         Max     Std Dev       Count

Performance Statistics   2019-09-23 13:36:00 - 2019-09-23 13:38:00
Tag                                                  Avg(ms)         Min         Max     Std Dev       Count

[FAILED toString()]
Performance Statistics   2019-09-23 13:36:00 - 2019-09-23 13:38:00
Tag                                                  Avg(ms)         Min         Max     Std Dev       Count

Performance Statistics   2019-09-23 13:38:00 - 2019-09-23 13:40:00
Tag                                                  Avg(ms)         Min         Max     Std Dev       Count

[FAILED toString()]
Performance Statistics   2019-09-23 13:38:00 - 2019-09-23 13:40:00
Tag                                                  Avg(ms)         Min         Max     Std Dev       Count

Performance Statistics   2019-09-23 13:38:00 - 2019-09-23 13:40:00
Tag                                                  Avg(ms)         Min         Max     Std Dev       Count

Performance Statistics   2019-09-23 13:38:00 - 2019-09-23 13:40:00
Tag                                                  Avg(ms)         Min         Max     Std Dev       Count

[FAILED toString()]
Performance Statistics   2019-09-23 13:38:00 - 2019-09-23 13:40:00
Tag                                                  Avg(ms)         Min         Max     Std Dev       Count

Performance Statistics   2019-09-23 13:40:00 - 2019-09-23 13:42:00
Tag                                                  Avg(ms)         Min         Max     Std Dev       Count

[FAILED toString()]
Performance Statistics   2019-09-23 13:40:00 - 2019-09-23 13:42:00
Tag                                                  Avg(ms)         Min         Max     Std Dev       Count

Performance Statistics   2019-09-23 13:40:00 - 2019-09-23 13:42:00
Tag                                                  Avg(ms)         Min         Max     Std Dev       Count

Performance Statistics   2019-09-23 13:40:00 - 2019-09-23 13:42:00
Tag                                                  Avg(ms)         Min         Max     Std Dev       Count

[FAILED toString()]
Performance Statistics   2019-09-23 13:40:00 - 2019-09-23 13:42:00
Tag                                                  Avg(ms)         Min         Max     Std Dev       Count

Performance Statistics   2019-09-23 13:42:00 - 2019-09-23 13:44:00
Tag                                                  Avg(ms)         Min         Max     Std Dev       Count

[FAILED toString()]
Performance Statistics   2019-09-23 13:42:00 - 2019-09-23 13:44:00
Tag                                                  Avg(ms)         Min         Max     Std Dev       Count

Performance Statistics   2019-09-23 13:42:00 - 2019-09-23 13:44:00
Tag                                                  Avg(ms)         Min         Max     Std Dev       Count

Performance Statistics   2019-09-23 13:42:00 - 2019-09-23 13:44:00
Tag                                                  Avg(ms)         Min         Max     Std Dev       Count

[FAILED toString()]
Performance Statistics   2019-09-23 13:42:00 - 2019-09-23 13:44:00
Tag                                                  Avg(ms)         Min         Max     Std Dev       Count

Performance Statistics   2019-09-23 13:44:00 - 2019-09-23 13:46:00
Tag                                                  Avg(ms)         Min         Max     Std Dev       Count

[FAILED toString()]
Performance Statistics   2019-09-23 13:44:00 - 2019-09-23 13:46:00
Tag                                                  Avg(ms)         Min         Max     Std Dev       Count

Performance Statistics   2019-09-23 13:44:00 - 2019-09-23 13:46:00
Tag                                                  Avg(ms)         Min         Max     Std Dev       Count

Performance Statistics   2019-09-23 13:44:00 - 2019-09-23 13:46:00
Tag                                                  Avg(ms)         Min         Max     Std Dev       Count

[FAILED toString()]
Performance Statistics   2019-09-23 13:44:00 - 2019-09-23 13:46:00
Tag                                                  Avg(ms)         Min         Max     Std Dev       Count

[FAILED toString()]
Performance Statistics   2019-09-23 13:46:00 - 2019-09-23 13:48:00
Tag                                                  Avg(ms)         Min         Max     Std Dev       Count
login#afterShow                                          0,0           0           0         0,0           3
login#beforeShow                                         0,0           0           0         0,0           3
login#create                                             0,0           0           0         0,0           3
login#init                                               0,0           0           0         0,0           3
login#inject                                             0,7           0           2         0,9           3
login#load                                              42,7           5          92        36,5           3
login#uiPermissions                                      0,0           0           0         0,0           3
login#xml                                                0,3           0           1         0,5           3
main#afterShow                                           7,0           7           7         0,0           1
main#beforeShow                                          0,0           0           0         0,0           1
main#create                                              7,0           7           7         0,0           1
main#init                                                0,0           0           0         0,0           1
main#inject                                              0,0           0           0         0,0           1
main#load                                               10,0          10          10         0,0           1
main#uiPermissions                                       0,0           0           0         0,0           1
main#xml                                                 1,0           1           1         0,0           1

Performance Statistics   2019-09-23 13:46:00 - 2019-09-23 13:48:00
Tag                                                  Avg(ms)         Min         Max     Std Dev       Count

[FAILED toString()]
Performance Statistics   2019-09-23 13:46:00 - 2019-09-23 13:48:00
Tag                                                  Avg(ms)         Min         Max     Std Dev       Count

[FAILED toString()]
Performance Statistics   2019-09-23 13:48:00 - 2019-09-23 13:50:00
Tag                                                  Avg(ms)         Min         Max     Std Dev       Count
login#afterShow                                          0,0           0           0         0,0           2
login#beforeShow                                         2,5           0           5         2,5           2
login#create                                            74,5           0         149        74,5           2
login#init                                              13,5           1          26        12,5           2
login#inject                                            30,0           0          60        30,0           2
login#load                                             245,0           2         488       243,0           2
login#uiPermissions                                      0,0           0           0         0,0           2
login#xml                                                6,5           0          13         6,5           2
main#afterShow                                          11,0          11          11         0,0           1
main#beforeShow                                          0,0           0           0         0,0           1
main#create                                             15,0          15          15         0,0           1
main#init                                               13,0          13          13         0,0           1
main#inject                                              5,0           5           5         0,0           1
main#load                                              178,0         178         178         0,0           1
main#uiPermissions                                       0,0           0           0         0,0           1
main#xml                                                 2,0           2           2         0,0           1

Performance Statistics   2019-09-23 13:48:00 - 2019-09-23 13:50:00
Tag                                                  Avg(ms)         Min         Max     Std Dev       Count

[FAILED toString()]
Performance Statistics   2019-09-23 13:48:00 - 2019-09-23 13:50:00
Tag                                                  Avg(ms)         Min         Max     Std Dev       Count

[FAILED toString()]
Performance Statistics   2019-09-23 13:50:00 - 2019-09-23 13:52:00
Tag                                                  Avg(ms)         Min         Max     Std Dev       Count

Performance Statistics   2019-09-23 13:50:00 - 2019-09-23 13:52:00
Tag                                                  Avg(ms)         Min         Max     Std Dev       Count
login#afterShow                                          0,0           0           0         0,0           1
login#beforeShow                                         4,0           4           4         0,0           1
login#create                                           113,0         113         113         0,0           1
login#init                                              25,0          25          25         0,0           1
login#inject                                            41,0          41          41         0,0           1
login#load                                             469,0         469         469         0,0           1
login#uiPermissions                                      0,0           0           0         0,0           1
login#xml                                               17,0          17          17         0,0           1

[FAILED toString()]
Performance Statistics   2019-09-23 13:50:00 - 2019-09-23 13:52:00
Tag                                                  Avg(ms)         Min         Max     Std Dev       Count

[FAILED toString()]
Performance Statistics   2019-09-23 13:52:00 - 2019-09-23 13:54:00
Tag                                                  Avg(ms)         Min         Max     Std Dev       Count

Performance Statistics   2019-09-23 13:52:00 - 2019-09-23 13:54:00
Tag                                                  Avg(ms)         Min         Max     Std Dev       Count

Performance Statistics   2019-09-23 13:52:00 - 2019-09-23 13:54:00
Tag                                                  Avg(ms)         Min         Max     Std Dev       Count

Performance Statistics   2019-09-23 13:52:00 - 2019-09-23 13:54:00
Tag                                                  Avg(ms)         Min         Max     Std Dev       Count

[FAILED toString()]
Performance Statistics   2019-09-23 13:52:00 - 2019-09-23 13:54:00
Tag                                                  Avg(ms)         Min         Max     Std Dev       Count

[FAILED toString()]
Performance Statistics   2019-09-23 13:54:00 - 2019-09-23 13:56:00
Tag                                                  Avg(ms)         Min         Max     Std Dev       Count

Performance Statistics   2019-09-23 13:54:00 - 2019-09-23 13:56:00
Tag                                                  Avg(ms)         Min         Max     Std Dev       Count

Performance Statistics   2019-09-23 13:54:00 - 2019-09-23 13:56:00
Tag                                                  Avg(ms)         Min         Max     Std Dev       Count

Performance Statistics   2019-09-23 13:54:00 - 2019-09-23 13:56:00
Tag                                                  Avg(ms)         Min         Max     Std Dev       Count

[FAILED toString()]
Performance Statistics   2019-09-23 13:54:00 - 2019-09-23 13:56:00
Tag                                                  Avg(ms)         Min         Max     Std Dev       Count

[FAILED toString()]
Performance Statistics   2019-09-23 13:56:00 - 2019-09-23 13:58:00
Tag                                                  Avg(ms)         Min         Max     Std Dev       Count

Performance Statistics   2019-09-23 13:56:00 - 2019-09-23 13:58:00
Tag                                                  Avg(ms)         Min         Max     Std Dev       Count

Performance Statistics   2019-09-23 13:56:00 - 2019-09-23 13:58:00
Tag                                                  Avg(ms)         Min         Max     Std Dev       Count

Performance Statistics   2019-09-23 13:56:00 - 2019-09-23 13:58:00
Tag                                                  Avg(ms)         Min         Max     Std Dev       Count

[FAILED toString()]
Performance Statistics   2019-09-23 13:56:00 - 2019-09-23 13:58:00
Tag                                                  Avg(ms)         Min         Max     Std Dev       Count

[FAILED toString()]
Performance Statistics   2019-09-23 13:58:00 - 2019-09-23 14:00:00
Tag                                                  Avg(ms)         Min         Max     Std Dev       Count

[FAILED toString()]
Performance Statistics   2019-09-23 13:58:00 - 2019-09-23 14:00:00
Tag                                                  Avg(ms)         Min         Max     Std Dev       Count

[FAILED toString()]
