Performance Statistics   2019-09-23 09:24:00 - 2019-09-23 09:25:00
Tag                                                  Avg(ms)         Min         Max     Std Dev       Count
LoadClass                                                0,8           0           8         2,1          13
Messages.searchClasspath                                 0,2           0          10         0,9         189
Messages.searchFiles                                     0,2           0          24         1,8         189
Metadata.replaceExtendedMetaClasses                      1,5           1           2         0,5           2
WebJARs                                                 47,0          47          47         0,0           1

Performance Statistics   2019-09-23 09:31:00 - 2019-09-23 09:32:00
Tag                                                  Avg(ms)         Min         Max     Std Dev       Count
LoadClass                                                0,2           0           1         0,4          12
Messages.searchClasspath                                 0,2           0          12         1,3         132
Messages.searchFiles                                     0,2           0          32         2,8         132
Metadata.replaceExtendedMetaClasses                      1,0           1           1         0,0           2
WebJARs                                                  7,0           7           7         0,0           1

Performance Statistics   2019-09-23 09:35:00 - 2019-09-23 09:36:00
Tag                                                  Avg(ms)         Min         Max     Std Dev       Count
LoadClass                                                0,3           0           1         0,4          12
Messages.searchClasspath                                 0,2           0           9         0,9         132
Messages.searchFiles                                     0,2           0          23         2,0         132
Metadata.replaceExtendedMetaClasses                      9,5           1          18         8,5           2
WebJARs                                                  8,0           8           8         0,0           1

Performance Statistics   2019-09-23 09:36:00 - 2019-09-23 09:37:00
Tag                                                  Avg(ms)         Min         Max     Std Dev       Count

Performance Statistics   2019-09-23 09:41:00 - 2019-09-23 09:42:00
Tag                                                  Avg(ms)         Min         Max     Std Dev       Count
LoadClass                                                0,3           0           2         0,6          15
Messages.searchClasspath                                 0,1           0          16         0,9         336
Messages.searchFiles                                     0,1           0          18         1,0         336
Metadata.replaceExtendedMetaClasses                      1,0           1           1         0,0           2
PersistenceSecurity.applyConstraints(..)                 3,0           3           3         0,0           1
ViewRepository.init.ViewRepositoryImpl                  21,0          21          21         0,0           1
WebJARs                                                  6,0           6           6         0,0           1

Performance Statistics   2019-09-23 09:49:00 - 2019-09-23 09:50:00
Tag                                                  Avg(ms)         Min         Max     Std Dev       Count
LoadClass                                                0,3           0           1         0,5          13
Messages.searchClasspath                                 0,2           0          12         1,0         189
Messages.searchFiles                                     0,1           0          23         1,7         189
Metadata.replaceExtendedMetaClasses                      1,0           1           1         0,0           2
WebJARs                                                 16,0          16          16         0,0           1

Performance Statistics   2019-09-23 09:50:00 - 2019-09-23 09:51:00
Tag                                                  Avg(ms)         Min         Max     Std Dev       Count

Performance Statistics   2019-09-23 09:51:00 - 2019-09-23 09:52:00
Tag                                                  Avg(ms)         Min         Max     Std Dev       Count

Performance Statistics   2019-09-23 09:52:00 - 2019-09-23 09:53:00
Tag                                                  Avg(ms)         Min         Max     Std Dev       Count
LoadClass                                             2338,0        2338        2338         0,0           1

Performance Statistics   2019-09-23 10:15:00 - 2019-09-23 10:16:00
Tag                                                  Avg(ms)         Min         Max     Std Dev       Count
LoadClass                                                2,9           0          18         4,8          13
Messages.searchClasspath                                 0,1           0           9         0,8         193
Messages.searchFiles                                     0,1           0          14         1,0         193
Metadata.replaceExtendedMetaClasses                      8,0           1          15         7,0           2
WebJARs                                                 12,0          12          12         0,0           1

Performance Statistics   2019-09-23 10:16:00 - 2019-09-23 10:17:00
Tag                                                  Avg(ms)         Min         Max     Std Dev       Count

Performance Statistics   2019-09-23 10:17:00 - 2019-09-23 10:18:00
Tag                                                  Avg(ms)         Min         Max     Std Dev       Count

Performance Statistics   2019-09-23 10:18:00 - 2019-09-23 10:19:00
Tag                                                  Avg(ms)         Min         Max     Std Dev       Count

Performance Statistics   2019-09-23 10:19:00 - 2019-09-23 10:20:00
Tag                                                  Avg(ms)         Min         Max     Std Dev       Count

Performance Statistics   2019-09-23 10:20:00 - 2019-09-23 10:21:00
Tag                                                  Avg(ms)         Min         Max     Std Dev       Count

Performance Statistics   2019-09-23 10:24:00 - 2019-09-23 10:25:00
Tag                                                  Avg(ms)         Min         Max     Std Dev       Count
Messages.searchClasspath                                 0,4           0          14         2,0          60
Messages.searchFiles                                     0,2           0          15         1,9          60

Performance Statistics   2019-09-23 10:24:00 - 2019-09-23 10:25:00
Tag                                                  Avg(ms)         Min         Max     Std Dev       Count
LoadClass                                                0,2           0           1         0,4          12
Messages.searchClasspath                                 0,3           0          11         1,5          60
Messages.searchFiles                                     0,4           0          15         2,1          60
Metadata.replaceExtendedMetaClasses                      1,0           1           1         0,0           1
WebJARs                                                  6,0           6           6         0,0           1

Performance Statistics   2019-09-23 10:25:00 - 2019-09-23 10:26:00
Tag                                                  Avg(ms)         Min         Max     Std Dev       Count
Messages.searchClasspath                                 0,3           0          11         1,6          48
Messages.searchFiles                                     0,0           0           1         0,1          48
Metadata.replaceExtendedMetaClasses                      1,0           1           1         0,0           1

